<?xml version="1.0" encoding="UTF-8"?>
<!-- Generated by org.testng.reporters.JUnitReportReporter -->
<testsuite hostname="Rajesh-PC" failures="0" tests="11" name="com.sevenMind.testCases.TS_7M_005" time="16.141" errors="0" timestamp="2022-03-11T18:07:01 CET" skipped="0">
  <testcase classname="com.sevenMind.testCases.TS_7M_005" name="TC_7M_RE_001" time="2.816"/>
  <system-out/>
  <testcase classname="com.sevenMind.testCases.TS_7M_005" name="TC_7M_RE_002" time="0.298"/>
  <system-out/>
  <testcase classname="com.sevenMind.testCases.TS_7M_005" name="TC_7M_RE_006" time="3.100"/>
  <system-out/>
  <testcase classname="com.sevenMind.testCases.TS_7M_005" name="TC_7M_RE_011" time="0.663"/>
  <system-out/>
  <testcase classname="com.sevenMind.testCases.TS_7M_005" name="TC_7M_RE_003" time="3.145"/>
  <system-out/>
  <testcase classname="com.sevenMind.testCases.TS_7M_005" name="TC_7M_RE_005" time="0.664"/>
  <system-out/>
  <testcase classname="com.sevenMind.testCases.TS_7M_005" name="TC_7M_RE_007" time="0.877"/>
  <system-out/>
  <testcase classname="com.sevenMind.testCases.TS_7M_005" name="TC_7M_RE_004" time="0.300"/>
  <system-out/>
  <testcase classname="com.sevenMind.testCases.TS_7M_005" name="TC_7M_RE_009" time="3.364"/>
  <system-out/>
  <testcase classname="com.sevenMind.testCases.TS_7M_005" name="TC_7M_RE_008" time="0.664"/>
  <system-out/>
  <testcase classname="com.sevenMind.testCases.TS_7M_005" name="TC_7M_RE_010" time="0.250"/>
  <system-out/>
</testsuite> <!-- com.sevenMind.testCases.TS_7M_005 -->
